{"numFailedTestSuites":1,"numFailedTests":0,"numPassedTestSuites":0,"numPassedTests":0,"numPendingTestSuites":0,"numPendingTests":0,"numRuntimeErrorTestSuites":1,"numTodoTests":0,"numTotalTestSuites":1,"numTotalTests":0,"openHandles":[],"snapshot":{"added":0,"didUpdate":false,"failure":false,"filesAdded":0,"filesRemoved":0,"filesRemovedList":[],"filesUnmatched":0,"filesUpdated":0,"matched":0,"total":0,"unchecked":0,"uncheckedKeysByFile":[],"unmatched":0,"updated":0},"startTime":1713059336630,"success":false,"testResults":[{"assertionResults":[],"coverage":{},"endTime":1713059336943,"message":"  \u001b[1m● \u001b[22mTest suite failed to run\n\n    You appear to be using a native ECMAScript module configuration file, which is only supported when running Babel asynchronously.\n        at C:\\Users\\zhuch\\Documents\\GitHub\\MusclMate\\MuscleMate\\babel.config.js\n\n      \u001b[2mat loadPartialConfigSync (\u001b[22mnode_modules/@babel/core/src/config/index.ts\u001b[2m:50:60)\u001b[22m\n      \u001b[2mat loadPartialConfigSync (\u001b[22mnode_modules/@babel/core/src/config/index.ts\u001b[2m:69:14)\u001b[22m\n      \u001b[2mat ScriptTransformer._getCacheKey (\u001b[22mnode_modules/@jest/transform/build/ScriptTransformer.js\u001b[2m:228:41)\u001b[22m\n      \u001b[2mat ScriptTransformer._getFileCachePath (\u001b[22mnode_modules/@jest/transform/build/ScriptTransformer.js\u001b[2m:289:27)\u001b[22m\n      \u001b[2mat ScriptTransformer.transformSource (\u001b[22mnode_modules/@jest/transform/build/ScriptTransformer.js\u001b[2m:525:32)\u001b[22m\n      \u001b[2mat ScriptTransformer._transformAndBuildScript (\u001b[22mnode_modules/@jest/transform/build/ScriptTransformer.js\u001b[2m:674:40)\u001b[22m\n      \u001b[2mat ScriptTransformer.transform (\u001b[22mnode_modules/@jest/transform/build/ScriptTransformer.js\u001b[2m:726:19)\u001b[22m\n","name":"C:\\Users\\zhuch\\Documents\\GitHub\\MusclMate\\MuscleMate\\src\\tests\\App.test.ts","startTime":1713059336943,"status":"failed","summary":""}],"wasInterrupted":false}
