{
  "numFailedTestSuites": 2,
  "numFailedTests": 0,
  "numPassedTestSuites": 0,
  "numPassedTests": 0,
  "numPendingTestSuites": 0,
  "numPendingTests": 0,
  "numRuntimeErrorTestSuites": 2,
  "numTodoTests": 0,
  "numTotalTestSuites": 2,
  "numTotalTests": 0,
  "openHandles": [
    {},
    {},
    {},
    {},
    {},
    {},
    {},
    {},
    {}
  ],
  "snapshot": {
    "added": 0,
    "didUpdate": false,
    "failure": false,
    "filesAdded": 0,
    "filesRemoved": 0,
    "filesRemovedList": [],
    "filesUnmatched": 0,
    "filesUpdated": 0,
    "matched": 0,
    "total": 0,
    "unchecked": 0,
    "uncheckedKeysByFile": [],
    "unmatched": 0,
    "updated": 0
  },
  "startTime": 1710816415516,
  "success": false,
  "testResults": [
    {
      "assertionResults": [],
      "coverage": {},
      "endTime": 1710816416756,
      "message": "  \u001b[1m● \u001b[22mTest suite failed to run\n\n    \u001b[96mtests/server.test.ts\u001b[0m:\u001b[93m12\u001b[0m:\u001b[93m17\u001b[0m - \u001b[91merror\u001b[0m\u001b[90m TS2345: \u001b[0mArgument of type '() => void' is not assignable to parameter of type 'string'.\n\n    \u001b[7m12\u001b[0m     app.disable(() => {\n    \u001b[7m  \u001b[0m \u001b[91m                ~~~~~~~\u001b[0m\n",
      "name": "/Users/fahadfaruqi/Desktop/RafidZ-CSC456/backend/tests/server.test.ts",
      "startTime": 1710816416756,
      "status": "failed",
      "summary": ""
    },
    {
      "assertionResults": [],
      "coverage": {},
      "endTime": 1710816416756,
      "message": "  \u001b[1m● \u001b[22mTest suite failed to run\n\n    Your test suite must contain at least one test.\n\n      \u001b[2mat onResult (\u001b[22mnode_modules/.pnpm/@jest+core@29.7.0_ts-node@10.9.2/node_modules/@jest/core/build/TestScheduler.js\u001b[2m:133:18)\u001b[22m\n      \u001b[2mat \u001b[22mnode_modules/.pnpm/@jest+core@29.7.0_ts-node@10.9.2/node_modules/@jest/core/build/TestScheduler.js\u001b[2m:254:19\u001b[22m\n      \u001b[2mat \u001b[22mnode_modules/.pnpm/emittery@0.13.1/node_modules/emittery/index.js\u001b[2m:363:13\u001b[22m\n          at Array.map (<anonymous>)\n      \u001b[2mat Emittery.emit (\u001b[22mnode_modules/.pnpm/emittery@0.13.1/node_modules/emittery/index.js\u001b[2m:361:23)\u001b[22m\n",
      "name": "/Users/fahadfaruqi/Desktop/RafidZ-CSC456/backend/tests/database.test.ts",
      "startTime": 1710816416756,
      "status": "failed",
      "summary": ""
    }
  ],
  "wasInterrupted": false
}